1
 
 
 
 
                      Warning: This computer program is protected by copyright law and international treaties.       
                  Unauthorized use, reproduction or distribution of this computer program, or any portion of it, may 
                                          result in severe civil and criminal penalties.                             
                         Copyright (C) 2016 MSC Software Corporation and its licensors. All rights reserved.         
 
 
                                              * * * * * * * * * * * * * * * * * * * *
                                              * * * * * * * * * * * * * * * * * * * *
                                              * *                                 * *
                                              * *           MSC Software          * *
                                              * *               CORP              * *
                                              * *                                 * *
                                              * *      M S C   N a s t r a n      * *
                                              * *                                 * *
                                              * *                                 * *
                                              * *                                 * *
                                              * *     Version 2017.0.0-CL450664   * *
                                              * *                                 * *
                                              * *                                 * *
                                              * *                                 * *
                                              * *          NOV 19, 2016           * *
                                              * *                                 * *
                                              * *              Intel              * *
                                              * *     MODEL P5-4/7421 (waco)      * *
                                              * *  Windows 7 Enterprise 6.1 7601  * *
                                              * * Compiled for 8664 (SINGLE Mode) * *
                                              * *                                 * *
                                              * * * * * * * * * * * * * * * * * * * *
                                              * * * * * * * * * * * * * * * * * * * *
1News file - (September 29, 2016):
  
               Welcome to MSC Nastran 2017
  
  
   Details of the new capabilities can be found in the MSC Nastran 2017
     Release Guide available online in the installation documentation
     sub-directory.
   Additional information can be found at the MSC Nastran Product Support page:
  
      http://simcompanion.mscsoftware.com
  
  
   The support page provides links to these valuable information:
      * A searchable Knowledge Base containing examples and answers to thousands
        of frequently asked questions written by MSC Software subject-matter
        experts.
      * Peer-to-peer Discussion Forums enabling you to post questions for your
        MSC Software products and receive answers from other users worldwide.
      * A list of known issues with the product and any workarounds.
      * Instructions on how to contact technical support
      * A mechanism for sending us product feedback or enhancement requests.
      * Hardware and software requirements.
      * Examples and Tutorials
      * and much more.
  
   For information on training, please visit our Training web site
  
      http://www.mscsoftware.com/Contents/Services/Training/
  
   MSC Nastran brings powerful new features and enhancements for engineering
   solutions.
  
  
      HPC
      -  New ACMS method now supports External Superelement and Adams MNF
           creation.
      -  New ACMS method shows reduced memory requirements, in particular,
           for solid element models.
      -  A new method has been introduced to improve the robustnessof AUTOMSET.
      -  Automatic DMP support for fluid eigensolution problem.
  
      Acoustics
      -  A capability called PEAKOUT has been introduced to calculate the
           acoustic participation factors at the peaks of the frequency
           response.
      -  A new process is available to provide a confidence band associated with
           mid frequency for FRFs (frequency response) when modeling
           uncertainties exist in the stiffness, mass and/or damping in the
           mid-frequency range (300Hz - 1500Hz).
1 
      Embedded-Fatigue
      -  Capability has been extended for fatigue analysis in the (vibratory)
           frequency domain.
  
      Optimization
      -  MSC Nastran Embedded Vibratory Fatigue may be used as an objective or
           constraint in an optimization simulation. This is not available
           for topology optimization.
      -  Topology optimization may now be used to minimize mass under stress
           constraints for solid elements
      - A new manufacturing constraint to control maximum member size in
           topology optimization has been introduced
  
      Rotordynamics
      -  New methods options are available for defining different WR3/WR4
           damping for rotordynamics for individual rotors.
      -  CAMPBELL plots are now available in Sol 110.
      -  2D and 3D Rotors are now supported in SOL 110 and SOL 111.
  
      Implicit Nonlinear Analysis - SOL 400
      -  The Anand solder model has been added, this may also be used for
           creep analysis.
      -  The segment-to-segment method has been enhanced.
      -  Cohesive contact has been introduced to allow user defined normal
           and tangential contact stiffness.
  
      Results Database
      -  Additional data blocks have been added to the HDF5 file.
      -  The intermediate HDF5 is supported through OUTCTRL keyword in NLOPRM
           which allows viewing of the results during the calculation.
  
     Documentation
  
     The complete documentation set is provided in a separate installer and
     when installed is available at:
     MSC_DOC_DIR/doc/pdf_nastran directory.
     Where MSC_DOC_DIR is the directory where documentation was installed
     This help set has cross references between documents, links to how-to
     videos, and example files.
  
     Individual MSC Nastran documents are available for download from the
       Simcompanion Website at:
       http://simcompanion.mscsoftware.com/
  
     These documents were updated for the MSC Nastran 2017 Release
  
         1.  MSC Nastran 2017 Installation and Operations Guide
         2.  MSC Nastran 2017 Quick Reference Guide
         3.  MSC Nastran 2017 Release Guide
1        4.  MSC Nastran 2017 Linear Statics Analysis User's Guide
         5.  MSC Nastran 2017 Dynamic Analysis User's Guide
         6.  MSC Nastran 2017 Superelements User's Guide
         7.  MSC Nastran 2017 Rotordynamics User's Guide
         8.  MSC Nastran 2017 Demonstration Problems Manual
         9.  MSC Nastran 2017 Nastran Embedded Fatigue User's Guide
        10.  MSC Nastran 2017 Design Sensitivity and Optimization
        11.  MSC Nastran 2017 Nonlinear User's Guide SOL 400
        12.  MSC Nastran 2017 DMAP Programmer's Guide
  
    The following is a new manual for the MSC Nastrans 2017 Release
  
         1. MSC Nastran 2017 Nastran Embedded Vibration Fatigue User's Guide
  
  
    Please refer to:
  
    MSC_DOC_DIR/doc/pdf_nastran/nastran_library.pdf
  
1                                                                           JANUARY  19, 2019  MSC Nastran 11/19/16   PAGE     1
                                                                                                                                    
0        N A S T R A N    F I L E    A N D    S Y S T E M    P A R A M E T E R    E C H O                                           
0                                                                                                                                   
                                                                                                                                    
                                                                                                                                    
     $ SYSFIELD=SCR*(RAW=YES,BUFFIO=YES,WNUM=16,WSIZE=16MB) $(C:/MSC.SOFTWARE/MSC_NAS
     $ SYSFIELD=DBALL(RAW=YES,BUFFIO=YES,WNUM=16,WSIZE=16MB) $(C:/MSC.SOFTWARE/MSC_NA
     NASTRAN BUFFSIZE=8193 $(C:/MSC.SOFTWARE/MSC_NASTRAN/20170/CONF/NAST20170.RCF[5])
     $ NASTRAN INPUT FILE CREATED BY THE PATRAN 2016 INPUT FILE TRANSLATOR ON        
     $  MARCH     12, 2018 AT 21:42:13.                                              
     $ DIRECT TEXT INPUT FOR NASTRAN SYSTEM CELL SECTION                             
     $ LINEAR STATIC ANALYSIS, DATABASE                                              
1                                                                           JANUARY  19, 2019  MSC Nastran 11/19/16   PAGE     2
                                                                                                                                    
0        N A S T R A N    E X E C U T I V E    C O N T R O L    E C H O                                                             
0                                                                                                                                   
                                                                                                                                    
                                                                                                                                    
     SOL 105                                                                                 
     CEND                                                                                    
1    MSC.NASTRAN JOB CREATED ON 19-DEC-17 AT 14:52:38                       JANUARY  19, 2019  MSC Nastran 11/19/16   PAGE     3
                                                                                                                                    
0                                                                                                                                   
0                                        C A S E    C O N T R O L    E C H O                                                        
                 COMMAND                                                                                                            
                 COUNT                                                                                                              
                  1      TITLE = MSC.NASTRAN JOB CREATED ON 19-DEC-17 AT 14:52:38                                
                  2      ECHO = NONE                                                                             
                  3      SUBCASE 1                                                                               
                  4      $ SUBCASE NAME : DEFAULT                                                                
                  5         SUBTITLE=DEFAULT                                                                     
                  6         SPC = 2                                                                              
                  7         LOAD = 1                                                                             
                  8       $  DISPLACEMENT(SORT1,REAL)=ALL                                                        
                  9       $  SPCFORCES(SORT1,REAL)=ALL                                                           
                 10        $ STRESS(SORT1,REAL,VONMISES,BILIN)=ALL                                               
                 11      SUBCASE 2                                                                               
                 12      $ SUBCASE NAME : INITIAL_DISP_DELTAU                                                    
                 13         SUBTITLE=INITIAL_DISP_DELTAU                                                         
                 14         SPC = 22                                                                             
                 15         METHOD = 10                                                                          
                 16        $ VECTOR(SORT1,REAL)=ALL                                                              
                 17       $  SPCFORCES(SORT1,REAL)=ALL                                                           
                 18         STATSUB = 1                                                                          
                 19                                                                                              
                 20      BEGIN BULK                                                                              
1    MSC.NASTRAN JOB CREATED ON 19-DEC-17 AT 14:52:38                       JANUARY  19, 2019  MSC Nastran 11/19/16   PAGE     4
                                                                                                                                    
0                                                                                                                                   
                                              I N P U T   B U L K   D A T A   E C H O                                               
                 ENTRY                                                                                                              
                 COUNT        .   1  ..   2  ..   3  ..   4  ..   5  ..   6  ..   7  ..   8  ..   9  ..  10  .                      
 *** USER INFORMATION MESSAGE 9991 (SDLWIF)
     Messages are being generated at include level 0.
     File: c:/users/weizhao/documents/github/spad/aiaaj_paper_data/prestressed_vibration_vat_sp/section_iv_b/curvilinear_eccentric/sol105_buckling_nlv_sp_plate.bdf
 *** USER WARNING MESSAGE 9994 (BULFUN)
     MAT1 with MID=778 near line 73
     User information:  Material has unreasonable or inconsistent values of E, G or NU.
1    MSC.NASTRAN JOB CREATED ON 19-DEC-17 AT 14:52:38                       JANUARY  19, 2019  MSC Nastran 11/19/16   PAGE     5
                                                                                                                                    
0                                                                                                                                   
                                        M O D E L   S U M M A R Y          BULK = 0
                                   ENTRY NAME        NUMBER OF ENTRIES
                                   ----------        -----------------
                                        CBEAM                      396
                                       CTRIA3                    11516
                                        EIGRL                        1
                                        FORCE                        2
                                         GRID                     5957
                                         MAT1                        1
                                         MAT8                        1
                                       MDLPRM                        1
                                        PARAM                        3
                                        PBEAM                        2
                                        PCOMP                    11517
                                         SPC1                        6
                                       SPCADD                        2
                                         SPCD                      200

 ^^^     
 ^^^ >>> IFP OPERATIONS COMPLETE <<< 
 ^^^     
1    MSC.NASTRAN JOB CREATED ON 19-DEC-17 AT 14:52:38                       JANUARY  19, 2019  MSC Nastran 11/19/16   PAGE     6
                                                                                                                                    
0                                                                                                                                   
 *** USER WARNING MESSAGE 2053 (GP4)
     UNDEFINED SINGLE-POINT CONSTRAINT SET         1
 *** USER INFORMATION MESSAGE 7555 (GMTSTS)
     FINITE ELEMENT GEOMETRY CHECK RESULTS EXCEED TOLERANCE LEVELS FOR THE FOLLOWING ELEMENTS.  METRIC VALUES THAT EXCEED
     TEST TOLERANCE LIMITS ARE IDENTIFIED BY ONE OF THE FOLLOWING FLAGS PLACED TO THE RIGHT OF THE METRIC VALUE.
        "++++" FOR TEST RESULTS EXCEEDING TOLERANCES.  INFORMATIONAL ONLY.  PROBLEM SOLUTION CONTINUES.  (DEFAULT FLAG)
        "IGNR" FOR TEST RESULTS EXCEEDING TOLERANCES.  INFORMATIONAL ONLY.  PROBLEM SOLUTION CONTINUES.
        "WARN" FOR TEST RESULTS EXCEEDING TOLERANCES.  INFORMATIONAL ONLY.  PROBLEM SOLUTION CONTINUES.
        "FAIL" FOR TEST RESULTS EXCEEDING TOLERANCES.  SEVERE ERROR.        PROBLEM SOLUTION TERMINATES.
     USER ACTION: USE THE GEOMCHECK (EXECUTIVE CONTROL STATEMENT) KEYWORD=VALUE TO CHANGE TOLERANCE VALUES IF DESIRED.
     A MAXIMUM OF        100 SKEW ANGLE (SA)       TOLERANCE LIMIT VIOLATIONS WILL BE IDENTIFIED BY THE FLAG "++++"
                             PLACED AFTER THE VALUE METRIC FOR THE TEST.
     A MAXIMUM OF        100 MAX INT. ANGLE (IA)   TOLERANCE LIMIT VIOLATIONS WILL BE IDENTIFIED BY THE FLAG "++++"
                             PLACED AFTER THE VALUE METRIC FOR THE TEST.
1    MSC.NASTRAN JOB CREATED ON 19-DEC-17 AT 14:52:38                       JANUARY  19, 2019  MSC Nastran 11/19/16   PAGE     7
                                                                                                                                    
0                                                                                                                                   
     TOLERANCE LIMITS ARE:     SKEW  =  10.00, IA(MAX) = 160.00 (++++ = LIMIT VIOLATED)
 ELEMENT TYPE    ID          SKEW ANGLE      MAX INT. ANGLE 
    TRIA3         291         0.00 ++++       180.00 ++++
    TRIA3         292         0.00 ++++       180.00 ++++
1    MSC.NASTRAN JOB CREATED ON 19-DEC-17 AT 14:52:38                       JANUARY  19, 2019  MSC Nastran 11/19/16   PAGE     8
                                                                                                                                    
0                                                                                                                                   


                            E L E M E N T   G E O M E T R Y   T E S T   R E S U L T S   S U M M A R Y
                                        TOTAL NUMBER OF TIMES TOLERANCES WERE EXCEEDED
  ELEMENT        SKEW       ASPECT/     MINIMUM      MAXIMUM    SURFACE/FACE    OFFSET     EDGE POINT   EDGE POINT    JACOBIAN  
    TYPE       ANGLE      TAPER RATIO INTER. ANGLE INTER. ANGLE  WARP FACTOR    RATIO     LENGTH RATIO ANGLE LIMIT  DETERMINANT 
   BEAM          N/A          N/A          N/A          N/A          N/A            0          N/A          N/A          N/A        
   TRIA3           2          N/A          N/A            0          N/A          N/A          N/A          N/A          N/A        

         N/A IN THE ABOVE TABLE INDICATES TESTS THAT ARE NOT APPLICABLE TO THE ELEMENT TYPE AND WERE NOT PERFORMED.
         FOR ALL ELEMENTS WHERE GEOMETRY TEST RESULTS HAVE EXCEEDED TOLERANCES,

         TRIA3    ELEMENT ID      291 PRODUCED SMALLEST SKEW ANGLE       OF       0.00 (TOLERANCE =       10.00).
1    MSC.NASTRAN JOB CREATED ON 19-DEC-17 AT 14:52:38                       JANUARY  19, 2019  MSC Nastran 11/19/16   PAGE     9
                                                                                                                                    
0                                                                                                                                   
                           O U T P U T   F R O M   G R I D   P O I N T   W E I G H T   G E N E R A T O R
0                                                     REFERENCE POINT =        0
                                                                M O
                      *  3.917129E-01  5.421011E-20  0.000000E+00 -3.309852E-22  3.786116E-04 -5.854130E-02 *
                      *  5.421011E-20  3.917129E-01  0.000000E+00 -3.786116E-04  3.309852E-22  5.857278E-02 *
                      *  0.000000E+00  0.000000E+00  3.917129E-01  5.854130E-02 -5.857278E-02  0.000000E+00 *
                      * -3.309852E-22 -3.786116E-04  5.854130E-02  1.166899E-02 -8.780633E-03 -5.566733E-05 *
                      *  3.786116E-04  3.309852E-22 -5.857278E-02 -8.780633E-03  1.174297E-02 -5.547513E-05 *
                      * -5.854130E-02  5.857278E-02  0.000000E+00 -5.566733E-05 -5.547513E-05  2.340678E-02 *
                                                                 S
                                           *  1.000000E+00  0.000000E+00  0.000000E+00 *
                                           *  0.000000E+00  1.000000E+00  0.000000E+00 *
                                           *  0.000000E+00  0.000000E+00  1.000000E+00 *
                               DIRECTION
                          MASS AXIS SYSTEM (S)     MASS              X-C.G.        Y-C.G.        Z-C.G.
                                  X            3.917129E-01     -8.449689E-22  1.494495E-01  9.665537E-04
                                  Y            3.917129E-01      1.495299E-01  8.449689E-22  9.665537E-04
                                  Z            3.917129E-01      1.495299E-01  1.494495E-01  0.000000E+00
                                                                I(S)
                                           *  2.919657E-03  2.696014E-05 -9.464069E-07 *
                                           *  2.696014E-05  2.984223E-03 -1.108182E-06 *
                                           * -9.464069E-07 -1.108182E-06  5.899432E-03 *
                                                                I(Q)
                                           *  5.899432E-03                             *
                                           *                2.909879E-03               *
                                           *                              2.994000E-03 *
                                                                 Q
                                           * -3.141970E-04  9.400924E-01  3.409196E-01 *
                                           * -3.772322E-04  3.409195E-01 -9.400924E-01 *
                                           * -9.999999E-01 -4.239801E-04  2.475172E-04 *

1    MSC.NASTRAN JOB CREATED ON 19-DEC-17 AT 14:52:38                       JANUARY  19, 2019  MSC Nastran 11/19/16   PAGE    10
                                                                                                                                    
0                                                                                                                                   
1    MSC.NASTRAN JOB CREATED ON 19-DEC-17 AT 14:52:38                       JANUARY  19, 2019  MSC Nastran 11/19/16   PAGE    11
                                                                                                                                    
0                                                                                                                                   
0 RESULTANTS ABOUT ORIGIN OF SUPERELEMENT BASIC COORDINATE SYSTEM IN SUPERELEMENT BASIC SYSTEM COORDINATES.

0                                                  OLOAD    RESULTANT       
  SUBCASE/    LOAD
  DAREA ID    TYPE       T1            T2            T3            R1            R2            R3
0        1     FX    0.000000E+00     ----          ----          ----       0.000000E+00  0.000000E+00                             
               FY       ----       0.000000E+00     ----       0.000000E+00     ----       0.000000E+00                             
               FZ       ----          ----       0.000000E+00  0.000000E+00  0.000000E+00     ----                                  
               MX       ----          ----          ----       0.000000E+00     ----          ----                                  
               MY       ----          ----          ----          ----       0.000000E+00     ----                                  
               MZ       ----          ----          ----          ----          ----       0.000000E+00                             
             TOTALS  0.000000E+00  0.000000E+00  0.000000E+00  0.000000E+00  0.000000E+00  0.000000E+00
1    MSC.NASTRAN JOB CREATED ON 19-DEC-17 AT 14:52:38                       JANUARY  19, 2019  MSC Nastran 11/19/16   PAGE    12
                                                                                                                                    
0                                                                                                                                   
0 RESULTANTS ABOUT ORIGIN OF SUPERELEMENT BASIC COORDINATE SYSTEM IN SUPERELEMENT BASIC SYSTEM COORDINATES.

0                                                  OLOAD    RESULTANT       
  SUBCASE/    LOAD
  DAREA ID    TYPE       T1            T2            T3            R1            R2            R3
0        2     FX    0.000000E+00     ----          ----          ----       0.000000E+00  0.000000E+00                             
               FY       ----       0.000000E+00     ----       0.000000E+00     ----       0.000000E+00                             
               FZ       ----          ----       0.000000E+00  0.000000E+00  0.000000E+00     ----                                  
               MX       ----          ----          ----       0.000000E+00     ----          ----                                  
               MY       ----          ----          ----          ----       0.000000E+00     ----                                  
               MZ       ----          ----          ----          ----          ----       0.000000E+00                             
             TOTALS  0.000000E+00  0.000000E+00  0.000000E+00  0.000000E+00  0.000000E+00  0.000000E+00
1    MSC.NASTRAN JOB CREATED ON 19-DEC-17 AT 14:52:38                       JANUARY  19, 2019  MSC Nastran 11/19/16   PAGE    13
                                                                                                                                    
0                                                                                                            SUBCASE 1              
0                                         G R I D   P O I N T   S I N G U L A R I T Y   T A B L E
0                             POINT    TYPE   FAILED      STIFFNESS       OLD USET           NEW USET
                               ID            DIRECTION      RATIO     EXCLUSIVE  UNION   EXCLUSIVE  UNION
                              299        G      6         3.57E-13          B        F         SB       S    *
  
 *** SYSTEM INFORMATION MESSAGE 4159 (DFMSA)
     THE DECOMPOSITION OF KLL      YIELDS A MAXIMUM MATRIX-TO-FACTOR-DIAGONAL RATIO OF    8.613875E+02
1    MSC.NASTRAN JOB CREATED ON 19-DEC-17 AT 14:52:38                       JANUARY  19, 2019  MSC Nastran 11/19/16   PAGE    14
                                                                                                                                    
0                                                                                                            SUBCASE 2              
0                                         G R I D   P O I N T   S I N G U L A R I T Y   T A B L E
0                             POINT    TYPE   FAILED      STIFFNESS       OLD USET           NEW USET
                               ID            DIRECTION      RATIO     EXCLUSIVE  UNION   EXCLUSIVE  UNION
                              299        G      6         3.57E-13          B        F         SB       S    *
  
 *** SYSTEM INFORMATION MESSAGE 4159 (DFMSA)
     THE DECOMPOSITION OF KLL      YIELDS A MAXIMUM MATRIX-TO-FACTOR-DIAGONAL RATIO OF    2.592946E+03
1    MSC.NASTRAN JOB CREATED ON 19-DEC-17 AT 14:52:38                       JANUARY  19, 2019  MSC Nastran 11/19/16   PAGE    15
                                                                                                                                    
0                                                                                                            SUBCASE 1              
 *** USER INFORMATION MESSAGE 5293 (SSG3A)
    FOR DATA BLOCK KLL     
    LOAD SEQ. NO.             EPSILON              EXTERNAL WORK      EPSILONS LARGER THAN 0.001 ARE FLAGGED WITH ASTERISKS
                1         -2.0127363E-16          7.4208256E+02
1    MSC.NASTRAN JOB CREATED ON 19-DEC-17 AT 14:52:38                       JANUARY  19, 2019  MSC Nastran 11/19/16   PAGE    16
                                                                                                                                    
0                                                                                                                                   
0                                                  MAXIMUM  DISPLACEMENTS   
  SUBCASE/
  DAREA ID        T1             T2             T3             R1             R2             R3
0        1   1.0000000E-05  1.6675436E-06  7.0432249E-05  1.8650949E-03  8.7192723E-04  1.4240171E-04
1    MSC.NASTRAN JOB CREATED ON 19-DEC-17 AT 14:52:38                       JANUARY  19, 2019  MSC Nastran 11/19/16   PAGE    17
                                                                                                                                    
0                                                                                                                                   
0                                                  MAXIMUM  APPLIED LOADS   
  SUBCASE/
  DAREA ID        T1             T2             T3             R1             R2             R3
0        1   0.0000000E+00  0.0000000E+00  0.0000000E+00  0.0000000E+00  0.0000000E+00  0.0000000E+00
 *** USER INFORMATION MESSAGE 5010 (LNCILS)
     STURM SEQUENCE DATA FOR EIGENVALUE EXTRACTION.
     TRIAL EIGENVALUE = -1.346155D+01, CYCLES = 5.839392D-01 THE STURM COUNT = 0
 *** USER INFORMATION MESSAGE 5010 (LNCILS)
     STURM SEQUENCE DATA FOR EIGENVALUE EXTRACTION.
     TRIAL EIGENVALUE = 1.631379D+01, CYCLES = 6.428321D-01 THE STURM COUNT = 1
 *** USER INFORMATION MESSAGE 5010 (LNCILS)
     STURM SEQUENCE DATA FOR EIGENVALUE EXTRACTION.
     TRIAL EIGENVALUE = -1.480770D+02, CYCLES = 1.936707D+00 THE STURM COUNT = 0
 *** USER INFORMATION MESSAGE 5010 (LNCILS)
     STURM SEQUENCE DATA FOR EIGENVALUE EXTRACTION.
     TRIAL EIGENVALUE = 3.730732D+01, CYCLES = 9.721138D-01 THE STURM COUNT = 11

 TABLE OF SHIFTS:  (LNNRIGL)
 SHIFT #        SHIFT VALUE         FREQUENCY, CYCLES     # EIGENVALUES BELOW    # NEW EIGENVALUES FOUND
     1.       -1.3461549E+01         -5.8393923E-01                 0                        0
     2.        1.6313790E+01          6.4283212E-01                 1                       10
     3.       -1.4807704E+02         -1.9367073E+00                 0                        0
     4.        3.7307315E+01          9.7211385E-01                11                        1

1    MSC.NASTRAN JOB CREATED ON 19-DEC-17 AT 14:52:38                       JANUARY  19, 2019  MSC Nastran 11/19/16   PAGE    18
                                                                                                                                    
0                                                                                                            SUBCASE 2              
0


                          E I G E N V A L U E  A N A L Y S I S   S U M M A R Y   (READ MODULE) 



                                     BLOCK SIZE USED ......................     7

                                     NUMBER OF DECOMPOSITIONS .............     4

                                     NUMBER OF ROOTS FOUND ................    10

                                     NUMBER OF SOLVES REQUIRED ............    40

1    MSC.NASTRAN JOB CREATED ON 19-DEC-17 AT 14:52:38                       JANUARY  19, 2019  MSC Nastran 11/19/16   PAGE    19
                                                                                                                                    
0                                                                                                            SUBCASE 2              
 
                                              R E A L   E I G E N V A L U E S
   MODE    EXTRACTION      EIGENVALUE            RADIANS             CYCLES            GENERALIZED         GENERALIZED
    NO.       ORDER                                                                       MASS              STIFFNESS
        1         1        1.490629E+01        3.860866E+00        6.144760E-01        7.944191E+00        1.184184E+02
        2         2        1.785419E+01        4.225421E+00        6.724967E-01        7.719233E+00        1.378206E+02
        3         3        2.079944E+01        4.560640E+00        7.258484E-01        1.473996E+01        3.065829E+02
        4         4        2.289450E+01        4.784819E+00        7.615277E-01        3.047769E+01        6.977714E+02
        5         5        2.462806E+01        4.962666E+00        7.898328E-01        1.015083E+01        2.499951E+02
        6         6        2.595556E+01        5.094660E+00        8.108404E-01        2.017183E+01        5.235711E+02
        7         7        3.011136E+01        5.487382E+00        8.733440E-01        1.819059E+01        5.477434E+02
        8         8        3.025924E+01        5.500839E+00        8.754858E-01        3.548771E+01        1.073831E+03
        9         9        3.103819E+01        5.571193E+00        8.866829E-01        2.139278E+01        6.639931E+02
       10        10        3.366998E+01        5.802584E+00        9.235099E-01        4.065209E+01        1.368755E+03
1    MSC.NASTRAN JOB CREATED ON 19-DEC-17 AT 14:52:38                       JANUARY  19, 2019  MSC Nastran 11/19/16   PAGE    20
                                                                                                                                    
0                                                                                                            SUBCASE 2              
 * * * *  D B D I C T   P R I N T  * * * *      SUBDMAP = PRTSUM  ,  DMAP STATEMENT NO.     71



0                                   * * * *  A N A L Y S I S  S U M M A R Y  T A B L E  * * * *
0 SEID  PEID PROJ VERS APRCH      SEMG SEMR SEKR SELG SELR MODES DYNRED SOLLIN PVALID SOLNL LOOPID DESIGN CYCLE SENSITIVITY
 --------------------------------------------------------------------------------------------------------------------------
     0     0    1    1 '        '    T    T    T    T    T     T      F      T      0     F     -1            0           F
0SEID = SUPERELEMENT ID.
 PEID = PRIMARY SUPERELEMENT ID OF IMAGE SUPERELEMENT.
 PROJ = PROJECT ID NUMBER.
 VERS = VERSION ID.
 APRCH = BLANK FOR STRUCTURAL ANALYSIS.  HEAT FOR HEAT TRANSFER ANALYSIS.
 SEMG = STIFFNESS AND MASS MATRIX GENERATION STEP.
 SEMR = MASS MATRIX REDUCTION STEP (INCLUDES EIGENVALUE SOLUTION FOR MODES).
 SEKR = STIFFNESS MATRIX REDUCTION STEP.
 SELG = LOAD MATRIX GENERATION STEP.
 SELR = LOAD MATRIX REDUCTION STEP. 
 MODES = T (TRUE) IF NORMAL MODES OR BUCKLING MODES CALCULATED.
 DYNRED = T (TRUE) MEANS GENERALIZED DYNAMIC AND/OR COMPONENT MODE REDUCTION PERFORMED.
 SOLLIN = T (TRUE) IF LINEAR SOLUTION EXISTS IN DATABASE.
 PVALID = P-DISTRIBUTION ID OF P-VALUE FOR P-ELEMENTS
 LOOPID = THE LAST LOOPID VALUE USED IN THE NONLINEAR ANALYSIS.  USEFUL FOR RESTARTS.
 SOLNL = T (TRUE) IF NONLINEAR SOLUTION EXISTS IN DATABASE.
 DESIGN CYCLE = THE LAST DESIGN CYCLE (ONLY VALID IN OPTIMIZATION).
 SENSITIVITY = SENSITIVITY MATRIX GENERATION FLAG.
 
 No PARAM values were set in the Control File.
 
1                                        * * * END OF JOB * * *
 
 
 No Symbolic Replacement variables or values were specified.

